19 96 18 306 150
225 90 20 290 150
127 86 18 276 140
173 79 11 248 112
144 88 22 286 154
34 82 17 263 133
288 70 28 238 154
180 65 23 218 134
318 64 24 216 136
155 60 21 201 123
41 69 31 238 162
134 70 32 242 166
252 70 33 243 169
151 59 25 202 134
210 44 11 143 77
309 45 12 147 81
87 51 24 177 123
353 39 13 130 78
371 37 13 124 76
1 50 29 179 137
301 43 23 152 112
208 46 26 164 124
328 41 22 145 107
228 31 12 105 67
319 40 22 142 106
190 27 9 90 54
81 36 18 126 90
358 33 16 115 81
201 43 27 156 124
66 37 22 133 103
312 37 23 134 106
282 43 29 158 130
369 39 25 142 114
323 27 14 95 69
99 30 17 107 81
64 31 19 112 88
37 27 16 97 75
45 25 16 91 73
294 21 13 76 60
380 39 31 148 132
7 30 22 112 96
233 23 15 84 68
78 45 38 173 159
40 27 21 102 90
168 30 26 116 108
14 25 21 96 88
202 8 4 28 20
248 20 16 76 68
229 7 4 25 19
5 20 17 77 71
213 28 25 109 103
264 19 16 73 67
188 5 2 17 11
22 21 18 81 75
175 23 20 89 83
302 7 5 26 22
28 20 18 78 74
32 18 16 70 66
39 3 1 10 6
110 28 26 110 106
72 4 2 14 10
223 2 1 7 5
221 1 0 3 1
325 2 1 7 5
169 3 2 11 9
158 12 11 47 45
156 3 2 11 9
370 4 3 15 13
90 1 0 3 1
69 21 20 83 81
86 3 2 11 9
476 0 0 0 0
474 0 0 0 0
473 0 0 0 0
472 0 0 0 0
466 0 0 0 0
463 0 0 0 0
46 0 0 0 0
462 0 0 0 0
461 0 0 0 0
511 0 0 0 0
82 1 1 4 4
460 0 0 0 0
458 0 0 0 0
456 0 0 0 0
70 0 0 0 0
43 0 0 0 0
88 0 0 0 0
89 0 0 0 0
477 0 0 0 0
91 8 8 32 32
92 0 0 0 0
453 0 0 0 0
451 0 0 0 0
448 0 0 0 0
447 0 0 0 0
97 0 0 0 0
445 0 0 0 0
514 0 0 0 0
444 0 0 0 0
443 0 0 0 0
435 0 0 0 0
432 0 0 0 0
429 0 0 0 0
428 0 0 0 0
415 0 0 0 0
107 0 0 0 0
412 0 0 0 0
411 0 0 0 0
478 0 0 0 0
111 0 0 0 0
112 8 8 32 32
410 0 0 0 0
408 0 0 0 0
503 0 0 0 0
116 0 0 0 0
405 0 0 0 0
396 0 0 0 0
119 0 0 0 0
120 0 0 0 0
121 0 0 0 0
392 0 0 0 0
391 0 0 0 0
389 0 0 0 0
388 0 0 0 0
126 0 0 0 0
508 0 0 0 0
387 0 0 0 0
384 2 2 8 8
382 0 0 0 0
38 0 0 0 0
379 1 1 4 4
378 1 1 4 4
516 0 0 0 0
376 1 1 4 4
374 0 0 0 0
518 0 0 0 0
138 0 0 0 0
482 0 0 0 0
140 0 0 0 0
519 0 0 0 0
366 1 1 4 4
365 0 0 0 0
505 0 0 0 0
31 0 0 0 0
357 0 0 0 0
356 1 1 4 4
355 0 0 0 0
149 2 2 8 8
30 0 0 0 0
29 1 1 4 4
352 0 0 0 0
350 0 0 0 0
154 1 1 4 4
483 0 0 0 0
62 0 0 0 0
157 0 0 0 0
61 0 0 0 0
159 0 0 0 0
349 28 28 112 112
347 0 0 0 0
346 0 0 0 0
344 0 0 0 0
164 12 12 48 48
336 1 1 4 4
166 1 1 4 4
329 0 0 0 0
520 0 0 0 0
60 0 0 0 0
26 0 0 0 0
59 0 0 0 0
521 0 0 0 0
524 0 0 0 0
527 0 0 0 0
485 0 0 0 0
486 0 0 0 0
317 0 0 0 0
316 0 0 0 0
179 0 0 0 0
528 0 0 0 0
530 0 0 0 0
531 0 0 0 0
183 1 1 4 4
308 0 0 0 0
306 0 0 0 0
56 0 0 0 0
534 0 0 0 0
488 0 0 0 0
189 0 0 0 0
535 0 0 0 0
296 1 1 4 4
536 0 0 0 0
537 0 0 0 0
539 0 0 0 0
280 0 0 0 0
196 1 1 4 4
197 32 32 128 128
198 0 0 0 0
279 1 1 4 4
273 0 0 0 0
541 0 0 0 0
543 0 0 0 0
203 0 0 0 0
272 1 1 4 4
265 1 1 4 4
497 0 0 0 0
263 3 3 12 12
9 1 1 4 4
209 0 0 0 0
546 0 0 0 0
258 4 4 16 16
255 1 1 4 4
53 0 0 0 0
6 0 0 0 0
215 0 0 0 0
251 0 0 0 0
217 1 1 4 4
249 0 0 0 0
501 0 0 0 0
239 2 2 8 8
51 0 0 0 0
236 2 2 8 8
502 0 0 0 0
224 1 1 4 4
549 0 0 0 0
235 0 0 0 0
3 0 0 0 0
2 1 1 4 4
406 0 0 0 0
550 0 1 1 3
231 0 1 1 3
4 0 1 1 3
544 0 1 1 3
234 0 1 1 3
542 0 1 1 3
538 0 1 1 3
237 0 1 1 3
238 0 1 1 3
15 2 3 9 11
533 0 1 1 3
529 0 1 1 3
526 0 1 1 3
522 0 1 1 3
517 0 1 1 3
515 0 1 1 3
513 0 1 1 3
247 0 1 1 3
512 0 1 1 3
509 0 1 1 3
507 0 1 1 3
504 0 1 1 3
500 0 1 1 3
253 0 1 1 3
495 0 1 1 3
494 0 1 1 3
256 1 2 5 7
493 0 1 1 3
492 0 1 1 3
491 0 1 1 3
260 20 21 81 83
261 3 4 13 15
490 0 1 1 3
207 23 24 93 95
55 0 1 1 3
487 0 1 1 3
484 0 1 1 3
71 2 3 9 11
268 0 1 1 3
73 1 2 5 7
75 5 6 21 23
271 1 2 5 7
471 0 1 1 3
469 0 1 1 3
467 0 1 1 3
275 6 7 25 27
83 0 1 1 3
459 0 1 1 3
457 0 1 1 3
85 3 4 13 15
455 0 1 1 3
281 4 5 17 19
194 0 1 1 3
452 0 1 1 3
449 0 1 1 3
285 1 2 5 7
286 1 2 5 7
446 0 1 1 3
101 1 2 5 7
289 1 2 5 7
442 0 1 1 3
441 0 1 1 3
292 36 37 145 147
440 0 1 1 3
438 0 1 1 3
436 0 1 1 3
191 0 1 1 3
103 0 1 1 3
298 0 1 1 3
430 0 1 1 3
105 2 3 9 11
427 0 1 1 3
426 0 1 1 3
422 0 1 1 3
421 0 1 1 3
305 0 1 1 3
420 0 1 1 3
419 0 1 1 3
417 0 1 1 3
414 0 1 1 3
413 0 1 1 3
311 0 1 1 3
109 0 1 1 3
409 0 1 1 3
407 0 1 1 3
117 0 1 1 3
403 0 1 1 3
402 0 1 1 3
401 0 1 1 3
400 0 1 1 3
118 0 1 1 3
394 0 1 1 3
393 0 1 1 3
172 0 1 1 3
390 0 1 1 3
124 0 1 1 3
386 0 1 1 3
383 1 2 5 7
130 0 1 1 3
136 0 1 1 3
373 4 5 17 19
368 20 21 81 83
360 1 2 5 7
146 0 1 1 3
354 5 6 21 23
150 1 2 5 7
152 11 12 45 47
337 1 2 5 7
153 1 2 5 7
160 1 2 5 7
340 0 1 1 3
341 0 1 1 3
342 0 1 1 3
163 0 1 1 3
276 3 5 14 18
480 0 2 2 6
547 0 2 2 6
295 0 2 2 6
437 0 2 2 6
545 0 2 2 6
226 1 3 6 10
351 1 3 6 10
11 2 4 10 14
335 4 6 18 22
540 0 2 2 6
424 0 2 2 6
147 25 27 102 106
333 4 6 18 22
13 1 3 6 10
423 0 2 2 6
439 0 2 2 6
523 0 2 2 6
362 0 2 2 6
25 0 2 2 6
364 18 20 74 78
510 0 2 2 6
304 0 2 2 6
293 1 3 6 10
416 0 2 2 6
98 0 2 2 6
139 0 2 2 6
216 1 3 6 10
50 0 2 2 6
96 1 3 6 10
167 12 14 50 54
375 2 4 10 14
498 0 2 2 6
54 24 26 98 102
450 0 2 2 6
496 0 2 2 6
212 2 4 10 14
257 18 20 74 78
113 0 2 2 6
259 0 2 2 6
489 0 2 2 6
58 1 3 6 10
481 0 2 2 6
114 12 14 50 54
277 0 2 2 6
269 3 5 14 18
74 0 2 2 6
80 5 7 22 26
122 0 2 2 6
322 0 2 2 6
177 0 2 2 6
395 0 2 2 6
274 0 2 2 6
397 0 2 2 6
398 0 2 2 6
468 0 3 3 9
76 2 5 11 17
464 0 3 3 9
470 0 3 3 9
77 0 3 3 9
404 0 3 3 9
343 19 22 79 85
475 0 3 3 9
278 2 5 11 17
95 4 7 19 25
313 4 7 19 25
211 0 3 3 9
283 1 4 7 13
133 18 21 75 81
284 2 5 11 17
52 10 13 43 49
48 5 8 23 29
506 0 3 3 9
290 1 4 7 13
418 0 3 3 9
307 2 5 11 17
47 0 3 3 9
218 0 3 3 9
20 3 6 15 21
532 0 3 3 9
148 30 33 123 129
425 0 3 3 9
8 3 6 15 21
161 2 5 11 17
434 0 3 3 9
297 5 8 23 29
345 2 6 12 20
431 0 4 4 12
131 12 16 52 60
170 10 14 44 52
548 0 4 4 12
137 3 7 16 24
162 1 5 8 16
331 0 4 4 12
129 0 4 4 12
385 23 27 96 104
42 6 10 28 36
68 19 23 80 88
165 0 4 4 12
222 1 5 8 16
145 7 11 32 40
245 2 6 12 20
220 1 5 8 16
204 12 16 52 60
399 0 4 4 12
465 0 4 4 12
108 6 10 28 36
363 2 6 12 20
181 12 16 52 60
24 10 14 44 52
454 0 4 4 12
242 2 6 12 20
199 5 9 24 32
314 3 7 16 24
84 4 8 20 28
499 0 5 5 15
102 7 12 33 43
367 6 11 29 39
142 1 6 9 19
266 15 20 65 75
63 5 10 25 35
310 6 11 29 39
174 0 5 5 15
44 1 6 9 19
479 0 5 5 15
200 0 5 5 15
106 13 18 57 67
36 12 17 53 63
270 1 6 9 19
324 10 16 46 58
182 2 8 14 26
267 14 20 62 74
291 19 25 82 94
185 3 9 18 30
320 2 8 14 26
21 1 7 10 22
359 1 7 10 22
338 9 15 42 54
243 2 8 14 26
93 20 26 86 98
186 5 11 26 38
18 3 9 18 30
433 0 6 6 18
330 0 6 6 18
176 1 7 10 22
33 12 19 55 69
128 20 27 87 101
219 13 20 59 73
16 11 18 51 65
143 2 9 15 29
10 1 8 11 25
381 0 7 7 21
232 7 14 35 49
327 2 10 16 32
135 17 25 76 92
372 3 11 20 36
49 6 14 32 48
141 1 9 12 28
348 2 10 16 32
246 14 22 64 80
339 4 12 24 40
244 13 21 60 76
35 21 29 92 108
178 14 22 64 80
17 6 14 32 48
240 9 17 44 60
94 1 9 12 28
214 10 19 49 67
326 17 26 77 95
192 6 15 33 51
303 2 11 17 35
100 2 11 17 35
27 5 14 29 47
361 12 21 57 75
300 11 21 54 74
187 19 29 86 106
250 8 18 42 62
57 1 11 14 34
65 2 12 18 38
287 7 17 38 58
132 20 31 91 113
377 5 16 31 53
205 12 23 59 81
230 4 15 27 49
123 13 25 64 88
321 5 17 32 56
334 15 27 72 96
125 10 22 52 76
241 14 27 69 95
195 4 17 29 55
115 9 22 49 75
299 2 15 21 47
193 9 22 49 75
171 4 17 29 55
525 0 14 14 42
332 13 28 67 97
67 16 31 79 109
12 10 26 56 88
227 7 23 44 76
206 11 27 60 92
262 9 25 52 84
254 2 18 24 56
79 6 23 41 75
184 8 25 49 83
23 17 35 86 122
315 10 28 58 94
104 9 28 55 93
