0.008812
0.000356
0.000406
0.000853
0.001084
0.000387
0.001708
0.001406
0.000768
0.000742
0.000427
0.001596
0.000356
0.004257
0.000513
0.001510
0.002919
0.000356
0.001102
0.000722
0.000356
0.007438
0.001505
0.002247
0.000356
0.000611
0.000532
0.005620
0.000977
0.000562
0.005945
0.007430
0.000620
0.029461
0.000412
0.000873
0.005000
0.000356
0.000439
0.003174
0.035463
0.007466
0.000567
0.000725
0.009566
0.001595
0.005002
0.005604
0.001232
0.000450
0.000411
0.000356
0.000855
0.002558
0.000504
0.000467
0.001283
0.003130
0.000521
0.000691
0.001599
0.000673
0.000356
0.004024
0.002646
0.002395
0.008131
0.001757
0.012731
0.000437
0.000356
0.000718
0.000526
0.000631
0.000356
0.000455
0.000859
0.004093
0.000356
0.000941
0.021816
0.000690
0.000516
0.000880
0.000838
0.000356
0.023230
0.001658
0.000939
0.000356
0.001546
0.000680
0.002400
0.000478
0.000356
0.000356
0.000420
0.000866
0.003403
0.003285
0.000356
0.000516
0.000356
0.002551
0.000567
0.003277
0.000356
0.003255
0.000356
0.003264
0.000573
0.002678
0.000658
0.001501
0.000356
0.000569
0.000356
0.000484
0.000411
0.000435
0.000356
0.000387
0.000356
0.001192
0.000589
0.000431
0.037046
0.000658
0.005416
0.006205
0.000356
0.003424
0.000455
0.015435
0.001148
0.000926
0.001694
0.000616
0.000518
0.000507
0.000356
0.000356
0.000356
0.014333
0.002434
0.000356
0.002590
0.003667
0.000736
0.000356
0.007708
0.000952
0.000733
0.000356
0.005044
0.000356
0.001845
0.000356
0.000356
0.000356
0.000540
0.000356
0.002146
0.002338
0.001587
0.000356
0.000713
0.012021
0.000356
0.002398
0.000356
0.000356
0.027319
0.001947
0.004176
0.000356
0.000356
0.000356
0.000508
0.011534
0.000356
0.000460
0.000356
0.004288
0.000660
0.002326
0.007017
0.000825
0.006616
0.001316
0.000490
0.001590
0.002511
0.000604
0.001147
0.000356
0.008157
0.000446
0.000356
0.000608
0.000356
0.000719
0.000356
0.000589
0.000471
0.000723
0.003163
0.005410
0.001769
0.010137
0.000722
0.000356
0.006477
0.002979
0.000663
0.000971
0.000356
0.000517
0.001566
0.001523
0.000356
0.000356
0.000405
0.000786
0.016318
0.000356
0.000674
0.008554
0.002373
0.000511
0.000411
0.000356
0.004057
0.000356
0.000832
0.000356
0.000446
0.000511
0.000356
0.001760
0.000721
0.001579
0.001072
0.000356
0.002167
0.002225
0.000458
0.002769
0.000377
0.000356
0.000507
0.002223
0.000658
0.002331
0.000356
0.000356
0.005291
0.000356
0.002287
0.003023
0.000356
0.001769
0.000356
0.004252
0.000356
0.000576
0.001007
0.002174
0.001991
0.000356
0.000356
0.000356
0.001341
0.000781
0.006267
0.000435
0.000507
0.000531
0.000356
0.000507
0.000356
0.010246
0.000356
0.000594
0.000356
0.000356
0.001059
0.016667
0.000356
0.000356
0.001717
0.010990
0.000356
0.004037
0.001607
0.000356
0.005296
0.001703
0.000660
0.000356
0.008561
0.000356
0.000356
0.000356
0.000356
0.000478
0.001151
0.000887
0.002598
0.000356
0.000356
0.002124
0.001671
0.002546
0.000540
0.000507
0.000356
0.010922
0.005796
0.001842
0.001128
0.000356
0.011194
0.001842
0.000356
0.005998
0.000356
0.009981
0.000356
0.000356
0.002800
0.002242
0.000792
0.000691
0.000356
0.000356
0.000356
0.000595
0.001080
0.004985
0.000536
0.000356
0.000565
0.000406
0.006215
0.002702
0.000356
0.000356
0.006272
0.005806
0.000356
0.001903
0.005174
0.000356
0.003439
0.000356
0.000427
0.005606
0.000356
0.000356
0.002938
0.000434
0.000671
0.001540
0.000356
0.001427
0.002459
0.006422
0.005718
0.000356
0.017483
0.001961
0.000356
0.000383
0.001043
0.001286
0.000356
0.000356
0.000356
0.016392
0.000356
0.000433
0.000356
0.001441
0.006924
0.000356
0.000356
0.000356
0.000356
0.000356
0.000356
0.000356
0.000356
0.000356
0.000356
0.000356
0.000356
0.000356
0.000356
0.000356
0.000356
0.000356
0.000356
0.000356
0.000356
0.000356
0.000356
0.000356
0.000356
0.000356
0.000356
0.000356
0.000356
0.000356
0.000356
0.000356
0.000356
0.000356
0.000356
0.000356
0.000356
0.000356
0.000356
0.000356
0.000356
0.000356
0.000356
0.000356
0.000356
0.000356
0.000356
0.000356
0.000356
0.000356
0.000356
0.000356
0.000356
0.000356
0.000356
0.000356
0.000356
0.000356
0.000356
0.000356
0.000356
0.000356
0.000356
0.000356
0.000356
0.000356
0.000356
0.000356
0.000356
0.000356
0.000356
0.000356
0.000356
0.000356
0.000356
0.000356
0.000356
0.000356
0.000356
0.000356
0.000356
0.000356
0.000356
0.000356
0.000356
0.000356
0.000356
0.000356
0.000356
0.000356
0.000356
0.000356
0.000356
0.000356
0.000356
0.000356
0.000356
0.000356
0.000356
0.000356
0.000356
0.000356
0.000356
0.000356
0.000356
0.000356
0.000356
0.000356
0.000356
0.000356
0.000356
0.000356
0.000356
0.000356
0.000356
0.000356
0.000356
0.000356
0.000356
0.000356
0.000356
0.000356
0.000356
0.000356
0.000356
0.000356
0.000356
0.000356
0.000356
0.000356
0.000356
0.000356
0.000356
0.000356
0.000356
0.000356
0.000356
0.000356
0.000356
0.000356
0.000356
0.000356
0.000356
0.000356
0.000356
0.000356
0.000356
0.000356
0.000356
0.000356
0.000356
0.000356
0.000356
0.000356
0.000356
0.000356
0.000356
0.000356
0.000356
0.000356
0.000356
0.000356
0.000356
0.000356
0.000356
0.000356
0.000356
0.000356
0.000356
