127 126 14 392 168
41 105 22 337 171
34 71 8 221 95
173 69 15 222 114
87 77 28 259 161
371 60 15 195 105
225 65 25 220 140
134 64 27 219 145
288 61 24 207 133
380 66 30 228 156
282 59 29 206 146
144 47 20 161 107
81 50 24 174 122
328 53 27 186 134
323 39 14 131 81
168 46 24 162 118
197 46 24 162 118
45 43 21 150 106
180 52 31 187 145
151 41 22 145 107
210 39 20 137 99
318 48 29 173 135
69 35 17 122 86
257 30 14 104 72
301 38 22 136 104
67 46 31 169 139
228 35 21 126 98
22 38 24 138 110
189 28 14 98 70
385 33 22 121 99
129 37 26 137 115
130 34 23 125 103
368 37 26 137 115
208 34 23 125 103
292 39 29 146 126
350 36 26 134 114
345 34 24 126 106
1 28 20 104 88
358 22 14 80 64
213 35 27 132 116
99 22 15 81 67
214 16 9 57 43
349 28 22 106 94
340 29 24 111 101
155 30 25 115 105
58 16 11 59 49
31 34 29 131 121
264 24 19 91 81
17 19 16 73 67
352 6 3 21 15
275 31 28 121 115
37 26 24 102 98
175 25 23 98 94
353 15 13 58 54
19 6 4 22 18
320 6 4 22 18
42 31 30 123 121
47 20 19 79 77
211 2 1 7 5
339 4 3 15 13
187 29 28 115 113
36 4 3 15 13
366 8 7 31 29
32 28 27 111 109
61 8 7 31 29
369 24 23 95 93
5 7 6 27 25
382 1 0 3 1
277 1 1 4 4
242 8 8 32 32
552 0 0 0 0
413 0 0 0 0
412 0 0 0 0
409 0 0 0 0
75 0 0 0 0
407 0 0 0 0
548 0 0 0 0
404 0 0 0 0
403 0 0 0 0
547 0 0 0 0
402 0 0 0 0
401 0 0 0 0
399 0 0 0 0
545 0 0 0 0
398 0 0 0 0
86 0 0 0 0
543 0 0 0 0
542 0 0 0 0
541 0 0 0 0
540 0 0 0 0
397 0 0 0 0
395 0 0 0 0
538 0 0 0 0
94 2 2 8 8
394 0 0 0 0
96 0 0 0 0
97 1 1 4 4
393 0 0 0 0
390 0 0 0 0
386 0 0 0 0
101 0 0 0 0
2 0 0 0 0
103 0 0 0 0
416 0 0 0 0
105 1 1 4 4
383 0 0 0 0
3 1 1 4 4
379 0 0 0 0
109 0 0 0 0
531 0 0 0 0
378 0 0 0 0
530 0 0 0 0
113 1 1 4 4
529 0 0 0 0
115 0 0 0 0
377 0 0 0 0
117 0 0 0 0
418 0 0 0 0
527 0 0 0 0
120 1 1 4 4
121 0 0 0 0
419 0 0 0 0
123 0 0 0 0
526 0 0 0 0
374 1 1 4 4
373 0 0 0 0
63 0 0 0 0
525 0 0 0 0
420 0 0 0 0
422 0 0 0 0
131 0 0 0 0
423 0 0 0 0
363 3 3 12 12
424 0 0 0 0
135 7 7 28 28
523 0 0 0 0
359 0 0 0 0
425 0 0 0 0
356 0 0 0 0
354 0 0 0 0
11 1 1 4 4
142 0 0 0 0
143 0 0 0 0
426 0 0 0 0
518 0 0 0 0
146 0 0 0 0
517 0 0 0 0
516 0 0 0 0
351 0 0 0 0
150 0 0 0 0
56 1 1 4 4
13 0 0 0 0
515 0 0 0 0
154 0 0 0 0
55 1 1 4 4
156 0 0 0 0
14 29 29 116 116
158 0 0 0 0
348 0 0 0 0
160 0 0 0 0
427 0 0 0 0
512 0 0 0 0
15 1 1 4 4
344 1 1 4 4
509 0 0 0 0
166 0 0 0 0
508 0 0 0 0
507 0 0 0 0
169 0 0 0 0
430 0 0 0 0
431 0 0 0 0
172 0 0 0 0
433 0 0 0 0
330 0 0 0 0
435 0 0 0 0
436 0 0 0 0
177 0 0 0 0
178 0 0 0 0
327 0 0 0 0
51 1 1 4 4
437 0 0 0 0
438 0 0 0 0
183 0 0 0 0
504 0 0 0 0
502 0 0 0 0
439 0 0 0 0
500 0 0 0 0
21 0 0 0 0
498 0 0 0 0
190 5 5 20 20
322 0 0 0 0
443 0 0 0 0
445 0 0 0 0
313 9 9 36 36
311 0 0 0 0
196 0 0 0 0
494 0 0 0 0
310 0 0 0 0
449 0 0 0 0
306 2 2 8 8
201 0 0 0 0
493 0 0 0 0
203 0 0 0 0
492 0 0 0 0
205 1 1 4 4
491 0 0 0 0
303 0 0 0 0
302 0 0 0 0
490 0 0 0 0
25 0 0 0 0
43 1 1 4 4
300 0 0 0 0
452 0 0 0 0
454 0 0 0 0
293 0 0 0 0
486 0 0 0 0
455 0 0 0 0
290 0 0 0 0
485 0 0 0 0
289 0 0 0 0
27 2 2 8 8
222 0 0 0 0
285 0 0 0 0
283 0 0 0 0
457 0 0 0 0
280 1 1 4 4
484 0 0 0 0
483 0 0 0 0
279 0 0 0 0
230 1 1 4 4
459 0 0 0 0
460 0 0 0 0
272 0 0 0 0
463 0 0 0 0
265 0 0 0 0
468 0 0 0 0
480 0 0 0 0
469 0 0 0 0
239 0 0 0 0
478 0 0 0 0
477 0 0 0 0
414 0 0 0 0
470 0 0 0 0
244 0 0 0 0
256 0 0 0 0
255 0 0 0 0
253 1 1 4 4
251 1 1 4 4
249 1 1 4 4
250 0 0 0 0
472 0 1 1 3
471 0 1 1 3
473 0 1 1 3
254 12 13 49 51
474 0 1 1 3
475 0 1 1 3
476 0 1 1 3
553 0 1 1 3
479 0 1 1 3
236 0 1 1 3
261 0 1 1 3
467 0 1 1 3
263 0 1 1 3
72 2 3 9 11
481 0 1 1 3
550 0 1 1 3
411 0 1 1 3
464 0 1 1 3
410 0 1 1 3
408 0 1 1 3
76 1 2 5 7
233 18 19 73 75
405 0 1 1 3
461 0 1 1 3
232 0 1 1 3
276 1 2 5 7
78 29 30 117 119
458 0 1 1 3
79 0 1 1 3
83 2 3 9 11
281 0 1 1 3
38 0 1 1 3
224 1 2 5 7
284 2 3 9 11
223 1 2 5 7
286 0 1 1 3
544 0 1 1 3
221 0 1 1 3
220 7 8 29 31
539 0 1 1 3
537 0 1 1 3
392 0 1 1 3
64 16 17 65 67
388 0 1 1 3
453 0 1 1 3
296 0 1 1 3
387 0 1 1 3
451 0 1 1 3
535 0 1 1 3
488 0 1 1 3
534 0 1 1 3
46 7 8 29 31
207 19 20 77 79
533 0 1 1 3
305 0 1 1 3
107 0 1 1 3
199 0 1 1 3
448 0 1 1 3
447 0 1 1 3
198 1 2 5 7
417 0 1 1 3
446 0 1 1 3
4 3 4 13 15
496 0 1 1 3
444 0 1 1 3
316 1 2 5 7
532 0 1 1 3
111 2 3 9 11
442 0 1 1 3
441 0 1 1 3
116 2 3 9 11
528 0 1 1 3
499 0 1 1 3
501 0 1 1 3
505 0 1 1 3
181 0 1 1 3
179 1 2 5 7
176 0 1 1 3
52 0 1 1 3
174 9 10 37 39
434 0 1 1 3
126 1 2 5 7
432 0 1 1 3
62 3 4 13 15
335 0 1 1 3
7 14 15 57 59
337 0 1 1 3
338 2 3 9 11
18 0 1 1 3
506 0 1 1 3
429 0 1 1 3
342 0 1 1 3
428 0 1 1 3
421 0 1 1 3
511 0 1 1 3
161 2 3 9 11
133 1 2 5 7
513 0 1 1 3
362 1 2 5 7
152 4 5 17 19
524 0 1 1 3
360 0 1 1 3
141 0 1 1 3
520 0 1 1 3
522 0 1 1 3
138 2 3 9 11
357 1 3 6 10
521 0 2 2 6
355 16 18 66 70
519 0 2 2 6
149 3 5 14 18
514 0 2 2 6
347 0 2 2 6
132 19 21 78 82
365 0 2 2 6
60 4 6 18 22
367 17 19 70 74
510 0 2 2 6
336 0 2 2 6
370 0 2 2 6
6 1 3 6 10
171 0 2 2 6
53 4 6 18 22
125 2 4 10 14
122 1 3 6 10
191 2 4 10 14
440 0 2 2 6
497 0 2 2 6
317 0 2 2 6
194 3 5 14 18
495 0 2 2 6
200 2 4 10 14
106 17 19 70 74
304 0 2 2 6
489 0 2 2 6
450 0 2 2 6
40 24 26 98 102
487 0 2 2 6
389 0 2 2 6
215 2 4 10 14
391 0 2 2 6
26 3 5 14 18
536 0 2 2 6
217 0 2 2 6
218 1 3 6 10
396 0 2 2 6
91 11 13 46 50
456 0 2 2 6
226 0 2 2 6
415 0 2 2 6
82 2 4 10 14
546 0 2 2 6
482 0 2 2 6
231 1 3 6 10
462 0 2 2 6
406 0 2 2 6
234 0 2 2 6
270 0 2 2 6
549 0 2 2 6
269 9 11 38 42
465 0 2 2 6
266 3 5 14 18
466 0 2 2 6
258 0 2 2 6
400 0 3 3 9
202 1 4 7 13
167 2 5 11 17
71 0 3 3 9
237 1 4 7 13
235 4 7 19 25
73 2 5 11 17
503 0 3 3 9
185 2 5 11 17
164 17 20 71 77
66 14 17 59 65
50 1 4 7 13
248 12 15 51 57
136 3 6 15 21
341 3 6 15 21
124 3 6 15 21
49 6 9 27 33
162 0 3 3 9
260 13 16 55 61
331 13 16 55 61
329 0 3 3 9
20 2 5 11 17
90 0 3 3 9
119 1 4 7 13
271 0 3 3 9
95 0 3 3 9
98 3 6 15 21
319 20 23 83 89
273 6 9 27 33
315 1 4 7 13
68 8 11 35 41
70 1 4 7 13
216 2 5 11 17
212 0 3 3 9
204 1 4 7 13
100 20 23 83 89
147 16 20 68 76
297 25 29 104 112
274 4 8 20 28
309 5 9 24 32
227 3 7 16 24
24 15 19 64 72
93 10 14 44 52
268 14 18 60 68
118 2 6 12 20
148 15 19 64 72
262 12 16 52 60
343 1 5 8 16
128 1 5 8 16
247 1 5 8 16
229 19 23 80 88
245 13 17 56 64
372 9 13 40 48
241 3 7 16 24
291 12 17 53 63
110 20 25 85 95
140 1 6 9 19
278 2 7 13 23
314 12 17 53 63
29 7 12 33 43
159 0 5 5 15
88 9 14 41 51
65 15 20 65 75
551 0 5 5 15
238 1 6 9 19
240 10 16 46 58
59 3 9 18 30
246 13 19 58 70
312 10 16 46 58
114 5 11 26 38
294 20 26 86 98
308 3 9 18 30
48 22 28 94 106
325 0 6 6 18
333 2 8 14 26
364 9 15 42 54
33 3 10 19 33
39 1 8 11 25
295 7 14 35 49
145 13 20 59 73
209 6 13 31 45
298 9 16 43 57
307 4 11 23 37
332 14 21 63 77
334 3 10 19 33
188 4 11 23 37
12 8 15 39 53
361 18 25 79 93
80 6 13 31 45
381 0 7 7 21
54 13 20 59 73
384 8 16 40 56
182 1 9 12 28
9 5 13 28 44
165 9 17 44 60
186 15 23 68 84
163 12 20 56 72
10 3 11 20 36
346 19 27 84 100
157 12 20 56 72
89 4 12 24 40
326 19 27 84 100
206 3 11 20 36
92 4 12 24 40
57 7 15 36 52
23 7 15 36 52
139 1 10 13 31
28 22 31 97 115
112 12 21 57 75
287 5 14 29 47
108 17 26 77 95
44 6 15 33 51
16 8 17 41 59
193 14 23 65 83
84 3 12 21 39
137 9 19 46 66
299 2 12 18 38
321 5 15 30 50
184 20 30 90 110
376 4 15 27 49
243 5 16 31 53
375 7 18 39 61
104 13 24 63 85
8 9 20 47 69
195 6 17 35 57
85 4 15 27 49
192 6 17 35 57
259 8 20 44 68
30 3 15 24 48
267 7 19 40 64
170 13 25 64 88
77 4 16 28 52
74 2 15 21 47
219 10 24 54 82
102 2 16 22 50
252 12 27 63 93
35 1 16 19 49
324 10 28 58 94
153 3 23 32 72
