0.014804
0.000367
0.000367
0.000367
0.004281
0.000367
0.002075
0.001589
0.001267
0.000777
0.000367
0.001316
0.000367
0.004441
0.001945
0.002220
0.003014
0.000438
0.018141
0.000541
0.000367
0.008166
0.002273
0.002917
0.000406
0.000367
0.000974
0.004273
0.000367
0.000367
0.003815
0.006652
0.001197
0.023806
0.002197
0.000367
0.002244
0.000829
0.000484
0.007030
0.025002
0.001965
0.000367
0.000655
0.005531
0.000839
0.003073
0.004245
0.001382
0.000367
0.000367
0.001023
0.000367
0.005686
0.000367
0.000367
0.001696
0.001319
0.000680
0.000367
0.000367
0.000367
0.000367
0.004079
0.000921
0.006682
0.005768
0.003805
0.006552
0.000454
0.000666
0.000367
0.000367
0.001000
0.000808
0.000524
0.000875
0.006812
0.000367
0.000450
0.014676
0.000515
0.000367
0.000693
0.001112
0.000367
0.026328
0.000387
0.001405
0.000408
0.001088
0.000408
0.003099
0.000367
0.000950
0.000367
0.000367
0.000367
0.004292
0.001039
0.000367
0.001339
0.001048
0.003690
0.000367
0.003422
0.000560
0.002922
0.000549
0.005964
0.000367
0.000765
0.000367
0.000687
0.001822
0.000367
0.000507
0.000528
0.000367
0.000367
0.000474
0.000423
0.000367
0.000476
0.001314
0.000367
0.024006
0.004035
0.001815
0.000782
0.000676
0.003860
0.000636
0.024189
0.005886
0.000680
0.001560
0.000767
0.000367
0.000367
0.001160
0.000367
0.000367
0.031773
0.000414
0.000394
0.001861
0.002887
0.000433
0.000367
0.009552
0.000661
0.001358
0.000367
0.009068
0.000367
0.000387
0.000367
0.000775
0.000367
0.000367
0.000529
0.001358
0.002696
0.001342
0.000367
0.001036
0.005921
0.000367
0.003508
0.000426
0.000636
0.033300
0.000367
0.005070
0.000367
0.000544
0.000668
0.000367
0.008481
0.001931
0.000680
0.000367
0.001416
0.000367
0.000899
0.003349
0.001488
0.000445
0.004226
0.000367
0.005366
0.001593
0.000467
0.002618
0.000367
0.007004
0.000367
0.000757
0.000446
0.003164
0.000693
0.000426
0.001800
0.000502
0.003076
0.001457
0.004514
0.000482
0.010309
0.001218
0.000367
0.004411
0.002455
0.000367
0.000551
0.000367
0.001383
0.001827
0.000469
0.000367
0.000438
0.000367
0.000680
0.020587
0.000682
0.000563
0.009569
0.005655
0.000680
0.000680
0.000936
0.003650
0.000456
0.000367
0.000396
0.000367
0.000608
0.000367
0.002119
0.001742
0.000367
0.001591
0.000604
0.001078
0.000811
0.000367
0.001386
0.000367
0.001005
0.000367
0.006419
0.000367
0.001547
0.000367
0.000367
0.006986
0.000431
0.001085
0.001574
0.000367
0.002246
0.000367
0.002024
0.000367
0.000367
0.001718
0.000554
0.001192
0.000408
0.000367
0.000367
0.000367
0.000692
0.001884
0.001098
0.000367
0.000367
0.000458
0.000367
0.001309
0.006319
0.000367
0.000367
0.000367
0.000367
0.001484
0.029343
0.000367
0.000367
0.004511
0.007971
0.000680
0.006901
0.000367
0.000367
0.000621
0.000367
0.000741
0.000367
0.008886
0.000367
0.000367
0.000512
0.000524
0.000367
0.001089
0.000446
0.002162
0.000367
0.000413
0.002626
0.000367
0.002009
0.000600
0.000367
0.000458
0.021082
0.006374
0.000367
0.001202
0.000465
0.003309
0.002833
0.000640
0.003497
0.000367
0.011996
0.000756
0.000458
0.000367
0.004014
0.000684
0.001253
0.000367
0.000524
0.000367
0.001280
0.000367
0.001594
0.000367
0.000680
0.003184
0.000367
0.001075
0.000367
0.000512
0.000367
0.008373
0.002471
0.000367
0.000367
0.006437
0.000367
0.001262
0.000367
0.000367
0.004697
0.000367
0.000367
0.002762
0.000420
0.000367
0.002203
0.000680
0.000474
0.002126
0.008369
0.006323
0.000367
0.009620
0.000963
0.000445
0.000367
0.001569
0.000446
0.000596
0.000367
0.000367
0.025635
0.000525
0.000367
0.000367
0.000367
0.007006
0.000367
0.000367
0.000367
0.000367
0.000367
0.000367
0.000367
0.000367
0.000367
0.000367
0.000367
0.000367
0.000367
0.000367
0.000367
0.000367
0.000367
0.000367
0.000367
0.000367
0.000367
0.000367
0.000367
0.000367
0.000367
0.000367
0.000367
0.000367
0.000367
0.000367
0.000367
0.000367
0.000367
0.000367
0.000367
0.000367
0.000367
0.000367
0.000367
0.000367
0.000367
0.000367
0.000367
0.000367
0.000367
0.000367
0.000367
0.000367
0.000367
0.000367
0.000367
0.000367
0.000367
0.000367
0.000367
0.000367
0.000367
0.000367
0.000367
0.000367
0.000367
0.000367
0.000367
0.000367
0.000367
0.000367
0.000367
0.000367
0.000367
0.000367
0.000367
0.000367
0.000367
0.000367
0.000367
0.000367
0.000367
0.000367
0.000367
0.000367
0.000367
0.000367
0.000367
0.000367
0.000367
0.000367
0.000367
0.000367
0.000367
0.000367
0.000367
0.000367
0.000367
0.000367
0.000367
0.000367
0.000367
0.000367
0.000367
0.000367
0.000367
0.000367
0.000367
0.000367
0.000367
0.000367
0.000367
0.000367
0.000367
0.000367
0.000367
0.000367
0.000367
0.000367
0.000367
0.000367
0.000367
0.000367
0.000367
0.000367
0.000367
0.000367
0.000367
0.000367
0.000367
0.000367
0.000367
0.000367
0.000367
0.000367
0.000367
0.000367
0.000367
0.000367
0.000367
0.000367
0.000367
0.000367
0.000367
0.000367
0.000367
0.000367
0.000367
0.000367
0.000367
0.000367
0.000367
0.000367
0.000367
0.000367
0.000367
0.000367
0.000367
0.000367
0.000367
0.000367
0.000367
0.000367
0.000367
0.000367
0.000367
0.000367
0.000367
0.000367
0.000367
0.000367
0.000367
