0.017419
0.000446
0.000341
0.000341
0.002877
0.000341
0.007477
0.000775
0.000433
0.000372
0.000517
0.001537
0.000457
0.006620
0.000561
0.001928
0.002079
0.000695
0.033172
0.001662
0.000548
0.003681
0.002343
0.001712
0.000341
0.000341
0.001384
0.004386
0.000397
0.000341
0.000341
0.002805
0.001861
0.030089
0.003287
0.002102
0.005213
0.000341
0.001644
0.006379
0.014428
0.001389
0.000341
0.000833
0.007639
0.000341
0.000341
0.001269
0.001046
0.000341
0.000341
0.001579
0.000341
0.004495
0.000341
0.000341
0.000391
0.000389
0.000341
0.000341
0.000341
0.000341
0.000708
0.005299
0.001108
0.008315
0.002098
0.003213
0.004442
0.000341
0.000536
0.001587
0.000609
0.000341
0.000715
0.000546
0.000341
0.008971
0.000837
0.002402
0.007906
0.000399
0.000341
0.000802
0.000626
0.001176
0.015343
0.000341
0.000341
0.000630
0.001463
0.000341
0.004669
0.000486
0.000581
0.000361
0.000341
0.000341
0.005421
0.000549
0.000630
0.001017
0.000341
0.001254
0.000707
0.004085
0.000341
0.001046
0.000341
0.006515
0.000341
0.001410
0.000341
0.001687
0.001334
0.000341
0.000341
0.000341
0.000341
0.000341
0.000341
0.000341
0.003430
0.000341
0.001576
0.000341
0.023572
0.003170
0.000341
0.000341
0.003787
0.003004
0.003362
0.014085
0.003404
0.000341
0.000666
0.000341
0.000341
0.000341
0.000427
0.000406
0.000461
0.026254
0.000860
0.000341
0.004539
0.006906
0.000622
0.000502
0.015678
0.001958
0.000381
0.000392
0.011493
0.000659
0.000341
0.001340
0.000341
0.000851
0.000554
0.000486
0.000341
0.001553
0.000341
0.000486
0.001651
0.006532
0.000755
0.001994
0.000821
0.000341
0.021918
0.000341
0.005088
0.000666
0.000341
0.002212
0.000341
0.017379
0.002661
0.000682
0.000444
0.001644
0.000537
0.000838
0.004216
0.001339
0.000341
0.006244
0.000341
0.001253
0.001191
0.000341
0.000725
0.000361
0.006075
0.000341
0.001233
0.000341
0.007538
0.001754
0.000341
0.001579
0.001681
0.001307
0.002472
0.009539
0.000341
0.011055
0.000341
0.000471
0.004083
0.001492
0.000341
0.000455
0.000554
0.000341
0.002240
0.000425
0.000437
0.000437
0.001034
0.000423
0.026483
0.000404
0.001236
0.006610
0.002774
0.000904
0.000341
0.001215
0.004633
0.000341
0.000341
0.000511
0.000341
0.000341
0.000853
0.001448
0.002526
0.000797
0.000516
0.002475
0.000463
0.001943
0.000341
0.002878
0.000341
0.001407
0.000341
0.012916
0.000341
0.000621
0.000403
0.000457
0.002540
0.002492
0.000341
0.004478
0.000864
0.001393
0.000541
0.004002
0.000486
0.003022
0.002487
0.000341
0.000760
0.000401
0.000630
0.000884
0.000341
0.000341
0.001298
0.000789
0.000341
0.000523
0.000407
0.000341
0.000972
0.010112
0.000457
0.000743
0.000407
0.000392
0.001449
0.023757
0.000407
0.000530
0.005617
0.009697
0.000630
0.004211
0.000341
0.000419
0.001057
0.000341
0.000920
0.002354
0.010551
0.001065
0.000486
0.000341
0.000341
0.000341
0.000486
0.000341
0.011614
0.002749
0.000341
0.006077
0.000805
0.000638
0.001559
0.000341
0.000341
0.015914
0.010575
0.000766
0.001219
0.000341
0.007216
0.001651
0.000549
0.003834
0.000479
0.008423
0.000341
0.000341
0.000341
0.002966
0.000641
0.002741
0.000726
0.000630
0.000630
0.002658
0.002213
0.000341
0.000341
0.000341
0.004748
0.000341
0.000541
0.000341
0.000341
0.000660
0.006810
0.000341
0.000391
0.000341
0.009843
0.000911
0.000341
0.000547
0.000341
0.009265
0.000637
0.000430
0.001551
0.000341
0.000469
0.002021
0.000341
0.000396
0.001214
0.002918
0.010712
0.000969
0.012524
0.001667
0.000766
0.000341
0.000542
0.000437
0.001062
0.000413
0.000387
0.005886
0.000341
0.000341
0.000444
0.000618
0.003620
0.000341
0.000341
0.000341
0.000341
0.000341
0.000341
0.000341
0.000341
0.000341
0.000341
0.000341
0.000341
0.000341
0.000341
0.000341
0.000341
0.000341
0.000341
0.000341
0.000341
0.000341
0.000341
0.000341
0.000341
0.000341
0.000341
0.000341
0.000341
0.000341
0.000341
0.000341
0.000341
0.000341
0.000341
0.000341
0.000341
0.000341
0.000341
0.000341
0.000341
0.000341
0.000341
0.000341
0.000341
0.000341
0.000341
0.000341
0.000341
0.000341
0.000341
0.000341
0.000341
0.000341
0.000341
0.000341
0.000341
0.000341
0.000341
0.000341
0.000341
0.000341
0.000341
0.000341
0.000341
0.000341
0.000341
0.000341
0.000341
0.000341
0.000341
0.000341
0.000341
0.000341
0.000341
0.000341
0.000341
0.000341
0.000341
0.000341
0.000341
0.000341
0.000341
0.000341
0.000341
0.000341
0.000341
0.000341
0.000341
0.000341
0.000341
0.000341
0.000341
0.000341
0.000341
0.000341
0.000341
0.000341
0.000341
0.000341
0.000341
0.000341
0.000341
0.000341
0.000341
0.000341
0.000341
0.000341
0.000341
0.000341
0.000341
0.000341
0.000341
0.000341
0.000341
0.000341
0.000341
0.000341
0.000341
0.000341
0.000341
0.000341
0.000341
0.000341
0.000341
0.000341
0.000341
0.000341
0.000341
0.000341
0.000341
0.000341
0.000341
0.000341
0.000341
0.000341
0.000341
0.000341
0.000341
0.000341
0.000341
0.000341
0.000341
0.000341
0.000341
0.000341
0.000341
0.000341
0.000341
0.000341
0.000341
0.000341
0.000341
0.000341
0.000341
0.000341
0.000341
0.000341
0.000341
0.000341
0.000341
0.000341
0.000341
0.000341
0.000341
0.000341
