173 86 9 267 113
127 83 20 269 143
144 73 15 234 118
288 91 33 306 190
225 76 19 247 133
87 83 28 277 167
34 57 12 183 93
318 71 27 240 152
380 75 32 257 171
134 70 27 237 151
19 62 20 206 122
41 67 28 229 151
1 45 13 148 84
81 55 26 191 133
155 45 21 156 108
328 48 26 170 126
22 41 20 143 101
69 36 16 124 84
151 45 25 160 120
197 36 19 127 93
210 31 14 107 73
45 31 15 108 76
368 45 29 164 132
294 43 28 157 127
257 31 17 110 82
371 33 20 119 93
78 44 32 164 140
291 27 17 98 78
353 26 16 94 74
99 24 14 86 66
135 27 17 98 78
301 27 18 99 81
385 34 25 127 109
66 32 23 119 101
252 33 24 123 105
369 28 20 104 88
40 37 29 140 124
282 27 20 101 87
229 35 28 133 119
228 21 14 77 63
349 31 24 117 103
358 14 8 50 38
128 24 18 90 78
343 15 9 54 42
64 17 13 64 56
5 18 14 68 60
208 26 22 100 92
218 4 0 12 4
17 21 17 80 72
47 16 13 61 55
338 5 2 17 11
292 32 29 125 119
190 18 16 70 66
163 5 3 18 14
206 19 17 74 70
281 8 6 30 26
159 2 1 7 5
180 21 20 83 81
365 2 1 7 5
117 2 1 7 5
15 8 7 31 29
336 1 0 3 1
277 0 0 0 0
62 0 0 0 0
551 0 0 0 0
550 0 0 0 0
549 0 0 0 0
548 0 0 0 0
60 0 0 0 0
70 1 1 4 4
71 2 2 8 8
72 0 0 0 0
547 0 0 0 0
546 0 0 0 0
545 0 0 0 0
544 0 0 0 0
542 0 0 0 0
59 1 1 4 4
540 0 0 0 0
539 0 0 0 0
538 0 0 0 0
536 0 0 0 0
535 0 0 0 0
533 0 0 0 0
532 0 0 0 0
529 0 0 0 0
528 0 0 0 0
88 1 1 4 4
526 0 0 0 0
524 0 0 0 0
523 0 0 0 0
522 0 0 0 0
520 0 0 0 0
515 0 0 0 0
512 0 0 0 0
505 0 0 0 0
97 0 0 0 0
504 0 0 0 0
56 0 0 0 0
501 0 0 0 0
500 0 0 0 0
498 0 0 0 0
103 1 1 4 4
497 0 0 0 0
496 0 0 0 0
494 0 0 0 0
107 1 1 4 4
493 0 0 0 0
109 1 1 4 4
492 0 0 0 0
111 0 0 0 0
491 0 0 0 0
490 0 0 0 0
487 0 0 0 0
484 0 0 0 0
116 0 0 0 0
55 0 0 0 0
482 0 0 0 0
119 0 0 0 0
120 0 0 0 0
121 1 1 4 4
122 1 1 4 4
123 0 0 0 0
124 1 1 4 4
481 0 0 0 0
126 0 0 0 0
480 0 0 0 0
53 0 0 0 0
479 0 0 0 0
130 2 2 8 8
476 0 0 0 0
474 0 0 0 0
472 0 0 0 0
52 6 6 24 24
51 0 0 0 0
470 0 0 0 0
469 0 0 0 0
468 0 0 0 0
467 0 0 0 0
466 0 0 0 0
141 2 2 8 8
461 0 0 0 0
459 0 0 0 0
50 0 0 0 0
458 0 0 0 0
146 1 1 4 4
457 0 0 0 0
148 22 22 88 88
456 0 0 0 0
150 0 0 0 0
454 0 0 0 0
452 0 0 0 0
449 0 0 0 0
154 0 0 0 0
48 23 23 92 92
156 0 0 0 0
447 0 0 0 0
444 0 0 0 0
46 3 3 12 12
442 0 0 0 0
441 0 0 0 0
439 0 0 0 0
438 0 0 0 0
437 0 0 0 0
436 0 0 0 0
166 0 0 0 0
434 0 0 0 0
433 0 0 0 0
432 0 0 0 0
431 0 0 0 0
430 0 0 0 0
172 2 2 8 8
43 0 0 0 0
174 0 0 0 0
175 28 28 112 112
428 0 0 0 0
427 0 0 0 0
426 0 0 0 0
179 0 0 0 0
425 0 0 0 0
421 0 0 0 0
419 0 0 0 0
183 0 0 0 0
418 0 0 0 0
416 0 0 0 0
411 0 0 0 0
410 0 0 0 0
409 0 0 0 0
189 1 1 4 4
408 0 0 0 0
407 0 0 0 0
406 0 0 0 0
405 0 0 0 0
404 0 0 0 0
403 0 0 0 0
196 0 0 0 0
402 0 0 0 0
198 0 0 0 0
401 0 0 0 0
399 0 0 0 0
398 0 0 0 0
395 0 0 0 0
203 1 1 4 4
394 0 0 0 0
393 0 0 0 0
391 0 0 0 0
390 0 0 0 0
389 0 0 0 0
388 0 0 0 0
387 0 0 0 0
386 0 0 0 0
3 0 0 0 0
379 0 0 0 0
378 0 0 0 0
377 1 1 4 4
376 1 1 4 4
217 0 0 0 0
374 0 0 0 0
6 0 0 0 0
364 13 13 52 52
221 0 0 0 0
362 1 1 4 4
360 0 0 0 0
359 0 0 0 0
356 0 0 0 0
352 0 0 0 0
11 0 0 0 0
348 0 0 0 0
346 0 0 0 0
230 1 1 4 4
344 0 0 0 0
13 0 0 0 0
337 0 0 0 0
14 17 17 68 68
332 23 23 92 92
330 1 1 4 4
329 1 1 4 4
238 3 3 12 12
239 0 0 0 0
325 2 2 8 8
241 14 14 56 56
319 24 24 96 96
317 1 1 4 4
316 0 0 0 0
312 15 15 60 60
311 1 1 4 4
310 0 0 0 0
309 8 8 32 32
249 0 0 0 0
308 1 1 4 4
306 0 0 0 0
303 0 0 0 0
300 0 0 0 0
298 0 0 0 0
296 0 0 0 0
256 0 0 0 0
24 14 14 56 56
290 0 0 0 0
289 0 0 0 0
25 1 1 4 4
286 0 0 0 0
26 0 0 0 0
280 0 0 0 0
279 1 1 4 4
265 0 0 0 0
266 0 0 0 0
272 0 0 0 0
271 0 0 0 0
552 0 1 1 3
61 0 1 1 3
67 35 36 141 143
448 0 1 1 3
445 0 1 1 3
274 3 4 13 15
275 13 14 53 55
276 4 5 17 19
158 0 1 1 3
278 0 1 1 3
264 14 15 57 59
440 0 1 1 3
74 5 6 21 23
162 1 2 5 7
164 14 15 57 59
435 0 1 1 3
285 0 1 1 3
153 8 9 33 35
543 0 1 1 3
260 6 7 25 27
77 4 5 17 19
450 0 1 1 3
169 0 1 1 3
79 0 1 1 3
451 0 1 1 3
429 0 1 1 3
295 0 1 1 3
255 0 1 1 3
537 0 1 1 3
178 2 3 9 11
42 11 12 45 47
253 0 1 1 3
83 0 1 1 3
424 0 1 1 3
534 0 1 1 3
423 0 1 1 3
305 1 2 5 7
251 0 1 1 3
84 3 4 13 15
531 0 1 1 3
530 0 1 1 3
422 0 1 1 3
86 0 1 1 3
527 0 1 1 3
453 0 1 1 3
420 0 1 1 3
521 0 1 1 3
455 0 1 1 3
149 1 2 5 7
460 0 1 1 3
242 0 1 1 3
414 0 1 1 3
517 0 1 1 3
322 1 2 5 7
323 13 14 53 55
516 0 1 1 3
413 0 1 1 3
513 0 1 1 3
412 0 1 1 3
511 0 1 1 3
462 0 1 1 3
463 0 1 1 3
39 1 2 5 7
235 0 1 1 3
464 0 1 1 3
465 0 1 1 3
194 1 2 5 7
400 0 1 1 3
508 0 1 1 3
507 0 1 1 3
506 0 1 1 3
200 1 2 5 7
341 0 1 1 3
139 0 1 1 3
96 0 1 1 3
231 1 2 5 7
471 0 1 1 3
473 0 1 1 3
392 0 1 1 3
31 15 16 61 63
477 0 1 1 3
350 12 13 49 51
478 0 1 1 3
483 0 1 1 3
503 0 1 1 3
383 0 1 1 3
382 0 1 1 3
381 1 2 5 7
357 0 1 1 3
502 0 1 1 3
485 0 1 1 3
486 0 1 1 3
101 0 1 1 3
222 1 2 5 7
488 0 1 1 3
216 2 3 9 11
105 0 1 1 3
366 1 2 5 7
373 1 2 5 7
108 15 16 61 63
113 0 1 1 3
370 0 1 1 3
4 0 1 1 3
73 0 2 2 6
273 0 2 2 6
489 0 2 2 6
375 8 10 34 38
220 1 3 6 10
499 0 2 2 6
223 0 2 2 6
224 1 3 6 10
443 0 2 2 6
160 0 2 2 6
355 4 6 18 22
354 0 2 2 6
226 4 6 18 22
2 0 2 2 6
211 3 5 14 18
118 2 4 10 14
263 0 2 2 6
54 21 23 86 90
283 0 2 2 6
165 8 10 34 38
347 2 4 10 14
30 0 2 2 6
284 0 2 2 6
261 0 2 2 6
396 0 2 2 6
541 0 2 2 6
21 0 2 2 6
176 0 2 2 6
234 1 3 6 10
199 3 5 14 18
38 2 4 10 14
140 0 2 2 6
177 2 4 10 14
509 0 2 2 6
510 0 2 2 6
191 0 2 2 6
254 8 10 34 38
82 1 3 6 10
302 0 2 2 6
142 0 2 2 6
327 0 2 2 6
94 0 2 2 6
320 0 2 2 6
415 0 2 2 6
18 1 3 6 10
143 0 2 2 6
518 0 2 2 6
519 0 3 3 9
90 1 4 7 13
525 0 3 3 9
247 0 3 3 9
304 1 4 7 13
237 0 3 3 9
236 1 4 7 13
331 0 3 3 9
335 0 3 3 9
340 9 12 39 45
201 18 21 75 81
152 4 7 19 25
293 1 4 7 13
28 17 20 71 77
342 1 4 7 13
98 0 3 3 9
133 3 6 15 21
227 2 5 11 17
351 0 3 3 9
44 3 6 15 21
75 6 9 27 33
209 1 4 7 13
161 0 3 3 9
32 27 30 111 117
212 0 3 3 9
63 0 3 3 9
495 0 3 3 9
110 26 29 107 113
157 1 4 7 13
269 3 7 16 24
270 1 5 8 16
102 10 14 44 52
363 0 4 4 12
233 18 22 76 84
215 0 4 4 12
262 14 18 60 68
95 3 7 16 24
213 26 30 108 116
297 2 6 12 20
514 0 4 4 12
417 0 4 4 12
185 0 4 4 12
129 8 12 36 44
314 7 11 32 40
20 3 7 16 24
29 0 4 4 12
307 4 8 20 28
85 4 8 20 28
397 0 4 4 12
313 0 4 4 12
248 10 14 44 52
136 1 5 8 16
132 25 29 104 112
89 4 8 20 28
106 13 18 57 67
245 7 12 33 43
475 0 5 5 15
207 9 14 41 51
446 0 5 5 15
244 2 7 13 23
243 6 11 29 39
80 1 6 9 19
181 7 12 33 43
27 3 8 17 27
372 5 10 25 35
138 5 11 26 38
187 16 22 70 82
91 7 13 34 46
384 0 6 6 18
145 1 7 10 22
58 8 14 38 50
214 15 21 66 78
9 5 11 26 38
268 2 8 14 26
168 16 22 70 82
204 9 15 42 54
100 5 12 27 41
361 14 21 63 77
167 4 11 23 37
33 6 13 31 45
193 10 17 47 61
321 6 13 31 45
35 9 16 43 57
202 4 11 23 37
131 2 9 15 29
186 5 13 28 44
104 12 20 56 72
170 20 28 88 104
267 10 18 48 64
76 1 9 12 28
259 6 14 32 48
184 6 14 32 48
16 13 21 60 76
299 2 10 16 32
57 5 13 28 44
93 16 24 72 88
205 2 10 16 32
7 11 20 53 71
65 5 14 29 47
10 5 14 29 47
49 7 16 37 55
287 9 18 45 63
114 3 12 21 39
115 13 22 61 79
137 12 21 57 75
92 1 10 13 31
8 9 19 46 66
36 0 10 10 30
324 18 28 82 102
195 12 22 58 78
326 18 28 82 102
232 3 13 22 42
68 15 25 70 90
246 4 15 27 49
188 3 14 23 45
333 4 15 27 49
23 14 25 67 89
339 0 11 11 33
367 11 22 55 77
182 3 15 24 48
334 6 18 36 60
192 16 29 77 103
147 14 27 69 95
345 5 18 33 59
112 3 16 25 51
37 9 22 49 75
125 7 21 42 70
240 12 26 62 90
219 11 25 58 86
250 7 22 43 73
171 1 16 19 49
315 3 19 28 60
12 7 24 45 79
258 1 19 22 58
